<?xml version="1.0" encoding="UTF-8"?>
<robot generator="Robot 6.0 (Python 3.10.8 on win32)" generated="20221104 07:46:40.653" rpa="false" schemaversion="3">
<suite id="s1" name="FrontOffice" source="C:\Development\robot-scripts\front-office\Tests\FrontOffice.robot">
<test id="s1-t1" name="Should be able to access &quot;Team&quot; page" line="13">
<kw name="Begin web test" library="CommonWeb" type="SETUP">
<kw name="Open Browser" library="SeleniumLibrary">
<arg>about:blank</arg>
<arg>${BROWSER}</arg>
<doc>Opens a new browser instance to the optional ``url``.</doc>
<msg timestamp="20221104 07:46:40.903" level="INFO">Opening browser 'edge' to base url 'about:blank'.</msg>
<status status="PASS" starttime="20221104 07:46:40.903" endtime="20221104 07:46:42.214"/>
</kw>
<kw name="Maximize Browser Window" library="SeleniumLibrary">
<doc>Maximizes current browser window.</doc>
<status status="PASS" starttime="20221104 07:46:42.214" endtime="20221104 07:46:42.328"/>
</kw>
<status status="PASS" starttime="20221104 07:46:40.903" endtime="20221104 07:46:42.328"/>
</kw>
<kw name="Log" library="BuiltIn">
<arg>Executing test 1</arg>
<doc>Logs the given message with the given level.</doc>
<msg timestamp="20221104 07:46:42.328" level="INFO">Executing test 1</msg>
<status status="PASS" starttime="20221104 07:46:42.328" endtime="20221104 07:46:42.328"/>
</kw>
<kw name="Go to &quot;Landing&quot; Page" library="FrontOfficeApp">
<kw name="Navigate To" library="Landing">
<doc>This will navigate to the home page of the website</doc>
<kw name="Go To" library="SeleniumLibrary">
<arg>${URL}</arg>
<doc>Navigates the current browser window to the provided ``url``.</doc>
<msg timestamp="20221104 07:46:42.344" level="INFO">Opening url 'https://automationplayground.com/front-office/'</msg>
<status status="PASS" starttime="20221104 07:46:42.344" endtime="20221104 07:47:16.775"/>
</kw>
<status status="PASS" starttime="20221104 07:46:42.328" endtime="20221104 07:47:16.775"/>
</kw>
<status status="PASS" starttime="20221104 07:46:42.328" endtime="20221104 07:47:16.776"/>
</kw>
<kw name="Go to &quot;Team&quot; Page" library="FrontOfficeApp">
<kw name="Navigate To" library="Team">
<doc>This will navigate to the "Team" page</doc>
<kw name="Click Element" library="SeleniumLibrary">
<arg>${TOP_NAV_TEAM_LINK}</arg>
<doc>Click the element identified by ``locator``.</doc>
<msg timestamp="20221104 07:47:16.778" level="INFO">Clicking element '//*[@id="bs-example-navbar-collapse-1"]/ul/li[5]/a'.</msg>
<status status="PASS" starttime="20221104 07:47:16.777" endtime="20221104 07:47:16.835"/>
</kw>
<status status="PASS" starttime="20221104 07:47:16.777" endtime="20221104 07:47:16.835"/>
</kw>
<status status="PASS" starttime="20221104 07:47:16.777" endtime="20221104 07:47:16.835"/>
</kw>
<kw name="End web test" library="CommonWeb" type="TEARDOWN">
<kw name="Close All Browsers" library="SeleniumLibrary">
<doc>Closes all open browsers and resets the browser cache.</doc>
<status status="PASS" starttime="20221104 07:47:16.836" endtime="20221104 07:47:18.955"/>
</kw>
<status status="PASS" starttime="20221104 07:47:16.836" endtime="20221104 07:47:18.955"/>
</kw>
<doc>This is test 1</doc>
<tag>test1</tag>
<status status="PASS" starttime="20221104 07:46:40.903" endtime="20221104 07:47:18.955"/>
</test>
<test id="s1-t2" name="&quot;Team&quot; page should match requirements" line="20">
<kw name="Begin web test" library="CommonWeb" type="SETUP">
<kw name="Open Browser" library="SeleniumLibrary">
<arg>about:blank</arg>
<arg>${BROWSER}</arg>
<doc>Opens a new browser instance to the optional ``url``.</doc>
<msg timestamp="20221104 07:47:18.955" level="INFO">Opening browser 'edge' to base url 'about:blank'.</msg>
<status status="PASS" starttime="20221104 07:47:18.955" endtime="20221104 07:47:20.218"/>
</kw>
<kw name="Maximize Browser Window" library="SeleniumLibrary">
<doc>Maximizes current browser window.</doc>
<status status="PASS" starttime="20221104 07:47:20.218" endtime="20221104 07:47:20.348"/>
</kw>
<status status="PASS" starttime="20221104 07:47:18.955" endtime="20221104 07:47:20.348"/>
</kw>
<kw name="Log" library="BuiltIn">
<arg>Executing test 2</arg>
<doc>Logs the given message with the given level.</doc>
<msg timestamp="20221104 07:47:20.350" level="INFO">Executing test 2</msg>
<status status="PASS" starttime="20221104 07:47:20.349" endtime="20221104 07:47:20.350"/>
</kw>
<kw name="Go to &quot;Landing&quot; Page" library="FrontOfficeApp">
<kw name="Navigate To" library="Landing">
<doc>This will navigate to the home page of the website</doc>
<kw name="Go To" library="SeleniumLibrary">
<arg>${URL}</arg>
<doc>Navigates the current browser window to the provided ``url``.</doc>
<msg timestamp="20221104 07:47:20.353" level="INFO">Opening url 'https://automationplayground.com/front-office/'</msg>
<status status="PASS" starttime="20221104 07:47:20.352" endtime="20221104 07:47:52.971"/>
</kw>
<status status="PASS" starttime="20221104 07:47:20.352" endtime="20221104 07:47:52.971"/>
</kw>
<status status="PASS" starttime="20221104 07:47:20.351" endtime="20221104 07:47:52.971"/>
</kw>
<kw name="Go to &quot;Team&quot; Page" library="FrontOfficeApp">
<kw name="Navigate To" library="Team">
<doc>This will navigate to the "Team" page</doc>
<kw name="Click Element" library="SeleniumLibrary">
<arg>${TOP_NAV_TEAM_LINK}</arg>
<doc>Click the element identified by ``locator``.</doc>
<msg timestamp="20221104 07:47:52.974" level="INFO">Clicking element '//*[@id="bs-example-navbar-collapse-1"]/ul/li[5]/a'.</msg>
<status status="PASS" starttime="20221104 07:47:52.974" endtime="20221104 07:47:53.026"/>
</kw>
<status status="PASS" starttime="20221104 07:47:52.973" endtime="20221104 07:47:53.027"/>
</kw>
<status status="PASS" starttime="20221104 07:47:52.973" endtime="20221104 07:47:53.027"/>
</kw>
<kw name="Validate &quot;Team&quot; Page" library="FrontOfficeApp">
<kw name="Validate &quot;Team&quot; Page" library="TopNav">
<kw name="Wait Until Element Is Visible" library="SeleniumLibrary">
<arg>xpath=//*[@id="team"]/div/div[1]/div/h2</arg>
<doc>Waits until the element ``locator`` is visible.</doc>
<status status="PASS" starttime="20221104 07:47:53.030" endtime="20221104 07:47:53.073"/>
</kw>
<kw name="Log" library="BuiltIn">
<arg>"Team" page validated</arg>
<doc>Logs the given message with the given level.</doc>
<msg timestamp="20221104 07:47:53.073" level="INFO">"Team" page validated</msg>
<status status="PASS" starttime="20221104 07:47:53.073" endtime="20221104 07:47:53.073"/>
</kw>
<status status="PASS" starttime="20221104 07:47:53.029" endtime="20221104 07:47:53.073"/>
</kw>
<status status="PASS" starttime="20221104 07:47:53.028" endtime="20221104 07:47:53.073"/>
</kw>
<kw name="End web test" library="CommonWeb" type="TEARDOWN">
<kw name="Close All Browsers" library="SeleniumLibrary">
<doc>Closes all open browsers and resets the browser cache.</doc>
<status status="PASS" starttime="20221104 07:47:53.073" endtime="20221104 07:47:55.216"/>
</kw>
<status status="PASS" starttime="20221104 07:47:53.073" endtime="20221104 07:47:55.216"/>
</kw>
<doc>This is test 2</doc>
<tag>test2</tag>
<status status="PASS" starttime="20221104 07:47:18.955" endtime="20221104 07:47:55.216"/>
</test>
<doc>Automating thw website front-office</doc>
<status status="PASS" starttime="20221104 07:46:40.653" endtime="20221104 07:47:55.216"/>
</suite>
<statistics>
<total>
<stat pass="2" fail="0" skip="0">All Tests</stat>
</total>
<tag>
<stat pass="1" fail="0" skip="0">test1</stat>
<stat pass="1" fail="0" skip="0">test2</stat>
</tag>
<suite>
<stat pass="2" fail="0" skip="0" id="s1" name="FrontOffice">FrontOffice</stat>
</suite>
</statistics>
<errors>
</errors>
</robot>
